<?xml version="1.0" encoding="UTF-8"?>
<!-- Generated by org.testng.reporters.JUnitXMLReporter -->
<testsuite ignored="0" hostname="DESKTOP-8U14D70" failures="0" tests="3" name="Different" time="0.057" errors="0" timestamp="2020-12-19T20:00:47 EST">
  <testcase classname="PIIT_.bootcamp.Bootusuability" name="@BeforeClass Driver" time="0.031">
    <failure type="java.lang.IllegalStateException" message="The path to the driver executable must be set by the webdriver.gecko.driver system property; for more information, see https://github.com/mozilla/geckodriver. The latest version can be downloaded from https://github.com/mozilla/geckodriver/releases">
      <![CDATA[java.lang.IllegalStateException: The path to the driver executable must be set by the webdriver.gecko.driver system property; for more information, see https://github.com/mozilla/geckodriver. The latest version can be downloaded from https://github.com/mozilla/geckodriver/releases
at com.google.common.base.Preconditions.checkState(Preconditions.java:847)
at org.openqa.selenium.remote.service.DriverService.findExecutable(DriverService.java:134)
at org.openqa.selenium.firefox.GeckoDriverService.access$100(GeckoDriverService.java:44)
at org.openqa.selenium.firefox.GeckoDriverService$Builder.findDefaultExecutable(GeckoDriverService.java:167)
at org.openqa.selenium.remote.service.DriverService$Builder.build(DriverService.java:355)
at org.openqa.selenium.firefox.FirefoxDriver.toExecutor(FirefoxDriver.java:190)
at org.openqa.selenium.firefox.FirefoxDriver.<init>(FirefoxDriver.java:147)
at org.openqa.selenium.firefox.FirefoxDriver.<init>(FirefoxDriver.java:125)
at PIIT_.bootcamp.Bootusuability.Driver(Bootusuability.java:25)
at java.base/java.util.ArrayList.forEach(ArrayList.java:1511)
... Removed 25 stack frames]]>
    </failure>
  </testcase> <!-- @BeforeClass Driver -->
  <testcase classname="PIIT_.bootcamp.bootrun" name="fcreate" time="0.0">
    <skipped/>
  </testcase> <!-- fcreate -->
  <testcase classname="PIIT_.bootcamp.bootrun" name="fform" time="0.0">
    <skipped/>
  </testcase> <!-- fform -->
  <testcase classname="PIIT_.bootcamp.bootrun" name="fhome" time="0.0">
    <skipped/>
  </testcase> <!-- fhome -->
</testsuite> <!-- Different -->
