<?xml version="1.0" encoding="UTF-8"?>
<testng-results ignored="0" total="2" passed="2" failed="0" skipped="0">
  <reporter-output>
  </reporter-output>
  <suite started-at="2020-12-25T10:09:27 EST" name="Functionboot" finished-at="2020-12-25T10:10:13 EST" duration-ms="45874">
    <groups>
    </groups>
    <test started-at="2020-12-25T10:09:27 EST" name="first" finished-at="2020-12-25T10:09:50 EST" duration-ms="23187">
      <class name="homeDepotboot.NewTestbootrun">
        <test-method is-config="true" signature="Driver(java.lang.String, java.lang.String)[pri:0, instance:homeDepotboot.NewTestbootrun@3315d2d7]" started-at="2020-12-25T10:09:27 EST" name="Driver" finished-at="2020-12-25T10:09:32 EST" duration-ms="4759" status="PASS">
          <params>
            <param index="0">
              <value>
                <![CDATA[chrome]]>
              </value>
            </param>
            <param index="1">
              <value>
                <![CDATA[https://www.HomeDepot.com]]>
              </value>
            </param>
          </params>
          <reporter-output>
          </reporter-output>
        </test-method> <!-- Driver -->
        <test-method signature="fhome()[pri:0, instance:homeDepotboot.NewTestbootrun@3315d2d7]" started-at="2020-12-25T10:09:32 EST" name="fhome" finished-at="2020-12-25T10:09:50 EST" duration-ms="18395" status="PASS">
          <reporter-output>
          </reporter-output>
        </test-method> <!-- fhome -->
      </class> <!-- homeDepotboot.NewTestbootrun -->
    </test> <!-- first -->
    <test started-at="2020-12-25T10:09:50 EST" name="second" finished-at="2020-12-25T10:10:13 EST" duration-ms="22645">
      <class name="homeDepotboot.NewTestbootrun">
        <test-method is-config="true" signature="Driver(java.lang.String, java.lang.String)[pri:0, instance:homeDepotboot.NewTestbootrun@79da8dc5]" started-at="2020-12-25T10:09:50 EST" name="Driver" finished-at="2020-12-25T10:09:55 EST" duration-ms="4523" status="PASS">
          <params>
            <param index="0">
              <value>
                <![CDATA[Firefox]]>
              </value>
            </param>
            <param index="1">
              <value>
                <![CDATA[https://www.HomeDepot.com]]>
              </value>
            </param>
          </params>
          <reporter-output>
          </reporter-output>
        </test-method> <!-- Driver -->
        <test-method signature="fhome()[pri:0, instance:homeDepotboot.NewTestbootrun@79da8dc5]" started-at="2020-12-25T10:09:55 EST" name="fhome" finished-at="2020-12-25T10:10:13 EST" duration-ms="18120" status="PASS">
          <reporter-output>
          </reporter-output>
        </test-method> <!-- fhome -->
      </class> <!-- homeDepotboot.NewTestbootrun -->
    </test> <!-- second -->
  </suite> <!-- Functionboot -->
</testng-results>
